<?xml version="1.0" encoding="UTF-8"?>
<!-- Generated by org.testng.reporters.JUnitReportReporter -->
<testsuite hostname="rganjare" failures="0" tests="1" name="com.bymatAutomation.modulename.testcases.TestCase1" time="19.352" errors="0" timestamp="2023-05-06T20:54:23 BST" skipped="0">
  <testcase classname="com.bymatAutomation.modulename.testcases.TestCase1" name="logingToInstagram" time="19.352"/>
  <system-out/>
</testsuite> <!-- com.bymatAutomation.modulename.testcases.TestCase1 -->
