<?xml version="1.0" encoding="UTF-8"?>
<!-- Generated by org.testng.reporters.JUnitReportReporter -->
<testsuite hostname="rganjare" failures="0" tests="1" name="com.bymatAutomation.modulename.testcases.RegisterUserForTheSeleniumTraining2" time="5.854" errors="0" timestamp="23 Jun 2023 19:27:50 GMT" skipped="0">
  <testcase classname="com.bymatAutomation.modulename.testcases.RegisterUserForTheSeleniumTraining2" name="registerUserForTheSeleniumTraining2" time="5.854"/>
</testsuite> <!-- com.bymatAutomation.modulename.testcases.RegisterUserForTheSeleniumTraining2 -->
