<?xml version="1.0" encoding="UTF-8"?>
<!-- Generated by org.testng.reporters.JUnitReportReporter -->
<testsuite hostname="rganjare" failures="0" tests="1" name="com.bymatAutomation.modulename.testcases.VerifyHomePageOfBymatAutomation2" time="45.340" errors="0" timestamp="2023-05-07T23:15:23 BST" skipped="0">
  <testcase classname="com.bymatAutomation.modulename.testcases.VerifyHomePageOfBymatAutomation2" name="verifyHomePageOfBYMATAutomation02" time="45.340"/>
  <system-out/>
</testsuite> <!-- com.bymatAutomation.modulename.testcases.VerifyHomePageOfBymatAutomation2 -->
