<?xml version="1.0" encoding="UTF-8"?>
<!-- Generated by org.testng.reporters.JUnitReportReporter -->
<testsuite hostname="rganjare" failures="0" tests="1" name="com.bymatAutomation.modulename.testcases.VerifyHomePageOfBymatAutomation1" time="0.000" errors="0" timestamp="02 Jun 2023 18:50:05 GMT" skipped="1">
  <testcase classname="com.bymatAutomation.modulename.testcases.VerifyHomePageOfBymatAutomation1" name="verifyHomePageOfBYMATAutomation1" time="0.000">
    <skipped/>
  </testcase> <!-- verifyHomePageOfBYMATAutomation1 -->
</testsuite> <!-- com.bymatAutomation.modulename.testcases.VerifyHomePageOfBymatAutomation1 -->
