<?xml version="1.0" encoding="UTF-8"?>
<!-- Generated by org.testng.reporters.JUnitReportReporter -->
<testsuite hostname="rganjare" failures="0" tests="1" name="com.bymatAutomation.modulename.testcases.RegisterUserForTheSeleniumTraining4" time="0.000" errors="0" timestamp="23 Jun 2023 19:27:50 GMT" skipped="1">
  <testcase classname="com.bymatAutomation.modulename.testcases.RegisterUserForTheSeleniumTraining4" name="registerUserForTheSeleniumTraining4" time="0.000">
    <skipped/>
  </testcase> <!-- registerUserForTheSeleniumTraining4 -->
</testsuite> <!-- com.bymatAutomation.modulename.testcases.RegisterUserForTheSeleniumTraining4 -->
