<?xml version="1.0" encoding="UTF-8"?>
<!-- Generated by org.testng.reporters.JUnitReportReporter -->
<testsuite hostname="rganjare" failures="0" tests="1" name="com.bymatAutomation.modulename.testcases.RegisterUserForTheSeleniumTraining" time="0.000" errors="0" timestamp="03 Jun 2023 06:01:52 GMT" skipped="1">
  <testcase classname="com.bymatAutomation.modulename.testcases.RegisterUserForTheSeleniumTraining" name="registerUserForTheSeleniumTraining" time="0.000">
    <skipped/>
  </testcase> <!-- registerUserForTheSeleniumTraining -->
</testsuite> <!-- com.bymatAutomation.modulename.testcases.RegisterUserForTheSeleniumTraining -->
