<?xml version="1.0" encoding="UTF-8"?>
<!-- Generated by org.testng.reporters.JUnitReportReporter -->
<testsuite hostname="rganjare" failures="0" tests="1" name="com.bymatAutomation.modulename.testcases.VerifyHomePageOfBymatAutomation" time="14.780" errors="0" timestamp="20 May 2023 06:07:26 GMT" skipped="0">
  <testcase classname="com.bymatAutomation.modulename.testcases.VerifyHomePageOfBymatAutomation" name="verifyHomePageOfBYMATAutomation" time="14.780"/>
</testsuite> <!-- com.bymatAutomation.modulename.testcases.VerifyHomePageOfBymatAutomation -->
